<?xml version="1.0" encoding="UTF-8"?>
<!-- Generated by org.testng.reporters.JUnitReportReporter -->
<testsuite hostname="DESKTOP-P1IRTQN" failures="0" tests="1" name="com.bstackflow.testlayer.LoginTest" time="11.363" errors="0" timestamp="2024-09-14T12:44:20 IST" skipped="0">
  <testcase classname="com.bstackflow.testlayer.LoginTest" name="VerifyRegisterWithValidDetails" time="11.363"/>
  <system-out/>
</testsuite> <!-- com.bstackflow.testlayer.LoginTest -->
